This is pdfTeX, Version 3.14159265-2.6-1.40.21 (MiKTeX 2.9.7440 64-bit) (preloaded format=pdflatex 2022.1.31)  10 JUL 2022 14:15
entering extended mode
**"c:/Users/Admin/OneDrive - AUT University/PHD Journey/Papers/Information and software technology/the state of big data reference architectures - a systematic literature review.tex"
("c:/Users/Admin/OneDrive - AUT University/PHD Journey/Papers/Information and software technology/the state of big data reference architectures - a systematic literature review.tex"
LaTeX2e <2020-02-02> patch level 5
L3 programming layer <2020-05-15> (D:\MikTex\tex/latex/elsarticle\elsarticle.cls
Document Class: elsarticle 2020/11/20, 3.3: Elsevier Ltd
(D:\MikTex\tex/latex/l3kernel\expl3.sty
Package: expl3 2020-05-15 L3 programming layer (loader) 
 (D:\MikTex\tex/latex/l3backend\l3backend-pdfmode.def
File: l3backend-pdfmode.def 2020-05-05 L3 backend support: PDF mode
\l__kernel_color_stack_int=\count167
\l__pdf_internal_box=\box45
)) (D:\MikTex\tex/latex/l3packages/xparse\xparse.sty
Package: xparse 2020-05-15 L3 Experimental document command parser
 (D:\MikTex\tex/latex/l3packages/xparse\xparse-generic.tex
\l__xparse_current_arg_int=\count168
\g__xparse_grabber_int=\count169
\l__xparse_m_args_int=\count170
\l__xparse_v_nesting_int=\count171
)) (D:\MikTex\tex/latex/etoolbox\etoolbox.sty
Package: etoolbox 2019/09/21 v2.5h e-TeX tools for LaTeX (JAW)
\etb@tempcnta=\count172
)
\@bls=\dimen134
 (D:\MikTex\tex/latex/base\article.cls
Document Class: article 2019/12/20 v1.4l Standard LaTeX document class
(D:\MikTex\tex/latex/base\size10.clo
File: size10.clo 2019/12/20 v1.4l Standard LaTeX file (size option)
)
\c@part=\count173
\c@section=\count174
\c@subsection=\count175
\c@subsubsection=\count176
\c@paragraph=\count177
\c@subparagraph=\count178
\c@figure=\count179
\c@table=\count180
\abovecaptionskip=\skip47
\belowcaptionskip=\skip48
\bibindent=\dimen135
) (D:\MikTex\tex/latex/graphics\graphicx.sty
Package: graphicx 2019/11/30 v1.2a Enhanced LaTeX Graphics (DPC,SPQR)
 (D:\MikTex\tex/latex/graphics\keyval.sty
Package: keyval 2014/10/28 v1.15 key=value parser (DPC)
\KV@toks@=\toks15
) (D:\MikTex\tex/latex/graphics\graphics.sty
Package: graphics 2019/11/30 v1.4a Standard LaTeX Graphics (DPC,SPQR)
 (D:\MikTex\tex/latex/graphics\trig.sty
Package: trig 2016/01/03 v1.10 sin cos tan (DPC)
) (D:\MikTex\tex/latex/graphics-cfg\graphics.cfg
File: graphics.cfg 2016/06/04 v1.11 sample graphics configuration
)
Package graphics Info: Driver file: pdftex.def on input line 105.
 (D:\MikTex\tex/latex/graphics-def\pdftex.def
File: pdftex.def 2018/01/08 v1.0l Graphics/color driver for pdftex
))
\Gin@req@height=\dimen136
\Gin@req@width=\dimen137
)
\c@tnote=\count181
\c@fnote=\count182
\c@cnote=\count183
\c@ead=\count184
\c@author=\count185
\@eadauthor=\toks16
\c@affn=\count186
\absbox=\box46
\elsarticlehighlightsbox=\box47
\elsarticlegrabsbox=\box48
\keybox=\box49
\Columnwidth=\dimen138
\space@left=\dimen139
\els@boxa=\box50
\els@boxb=\box51
\leftMargin=\dimen140
\@enLab=\toks17
\@sep=\skip49
\@@sep=\skip50
 ("c:/Users\Admin\OneDrive - AUT University\PHD Journey\Papers\Information and software technology\the state of big data reference architectures - a systematic literature review.spl") (D:\MikTex\tex/latex/natbib\natbib.sty
Package: natbib 2010/09/13 8.31b (PWD, AO)
\bibhang=\skip51
\bibsep=\skip52
LaTeX Info: Redefining \cite on input line 694.
\c@NAT@ctr=\count187
)
\splwrite=\write3
\openout3 = `"the state of big data reference architectures - a systematic literature review.spl"'.

\appnamewidth=\dimen141
) (D:\MikTex\tex/latex/graphics\lscape.sty
Package: lscape 2000/10/22 v3.01 Landscape Pages (DPC)
) (D:\MikTex\tex/latex/lineno\lineno.sty
Package: lineno 2005/11/02 line numbers on paragraphs v4.41
\linenopenalty=\count188
\output=\toks18
\linenoprevgraf=\count189
\linenumbersep=\dimen142
\linenumberwidth=\dimen143
\c@linenumber=\count190
\c@pagewiselinenumber=\count191
\c@LN@truepage=\count192
\c@internallinenumber=\count193
\c@internallinenumbers=\count194
\quotelinenumbersep=\dimen144
\bframerule=\dimen145
\bframesep=\dimen146
\bframebox=\box52
LaTeX Info: Redefining \\ on input line 3056.
) (D:\MikTex\tex/latex/hyperref\hyperref.sty
Package: hyperref 2020-05-15 v7.00e Hypertext links for LaTeX
 (D:\MikTex\tex/generic/ltxcmds\ltxcmds.sty
Package: ltxcmds 2019/12/15 v1.24 LaTeX kernel commands for general use (HO)
) (D:\MikTex\tex/generic/iftex\iftex.sty
Package: iftex 2020/03/06 v1.0d TeX engine tests
) (D:\MikTex\tex/latex/pdftexcmds\pdftexcmds.sty
Package: pdftexcmds 2019/11/24 v0.31 Utility functions of pdfTeX for LuaTeX (HO)
 (D:\MikTex\tex/generic/infwarerr\infwarerr.sty
Package: infwarerr 2019/12/03 v1.5 Providing info/warning/error messages (HO)
)
Package pdftexcmds Info: \pdf@primitive is available.
Package pdftexcmds Info: \pdf@ifprimitive is available.
Package pdftexcmds Info: \pdfdraftmode found.
) (D:\MikTex\tex/generic/kvsetkeys\kvsetkeys.sty
Package: kvsetkeys 2019/12/15 v1.18 Key value parser (HO)
) (D:\MikTex\tex/generic/kvdefinekeys\kvdefinekeys.sty
Package: kvdefinekeys 2019-12-19 v1.6 Define keys (HO)
) (D:\MikTex\tex/generic/pdfescape\pdfescape.sty
Package: pdfescape 2019/12/09 v1.15 Implements pdfTeX's escape features (HO)
) (D:\MikTex\tex/latex/hycolor\hycolor.sty
Package: hycolor 2020-01-27 v1.10 Color options for hyperref/bookmark (HO)
) (D:\MikTex\tex/latex/letltxmacro\letltxmacro.sty
Package: letltxmacro 2019/12/03 v1.6 Let assignment for LaTeX macros (HO)
) (D:\MikTex\tex/latex/auxhook\auxhook.sty
Package: auxhook 2019-12-17 v1.6 Hooks for auxiliary files (HO)
) (D:\MikTex\tex/latex/kvoptions\kvoptions.sty
Package: kvoptions 2019/11/29 v3.13 Key value format for package options (HO)
)
\@linkdim=\dimen147
\Hy@linkcounter=\count195
\Hy@pagecounter=\count196
 (D:\MikTex\tex/latex/hyperref\pd1enc.def
File: pd1enc.def 2020-05-15 v7.00e Hyperref: PDFDocEncoding definition (HO)
Now handling font encoding PD1 ...
... no UTF-8 mapping file for font encoding PD1
) (D:\MikTex\tex/generic/intcalc\intcalc.sty
Package: intcalc 2019/12/15 v1.3 Expandable calculations with integers (HO)
) (D:\MikTex\tex/generic/etexcmds\etexcmds.sty
Package: etexcmds 2019/12/15 v1.7 Avoid name clashes with e-TeX commands (HO)
)
\Hy@SavedSpaceFactor=\count197
Package hyperref Info: Hyper figures OFF on input line 4464.
Package hyperref Info: Link nesting OFF on input line 4469.
Package hyperref Info: Hyper index ON on input line 4472.
Package hyperref Info: Plain pages OFF on input line 4479.
Package hyperref Info: Backreferencing OFF on input line 4484.
Package hyperref Info: Implicit mode ON; LaTeX internals redefined.
Package hyperref Info: Bookmarks ON on input line 4717.
\c@Hy@tempcnt=\count198
 (D:\MikTex\tex/latex/url\url.sty
\Urlmuskip=\muskip16
Package: url 2013/09/16  ver 3.4  Verb mode for urls, etc.
)
LaTeX Info: Redefining \url on input line 5076.
\XeTeXLinkMargin=\dimen148
 (D:\MikTex\tex/generic/bitset\bitset.sty
Package: bitset 2019/12/09 v1.3 Handle bit-vector datatype (HO)
 (D:\MikTex\tex/generic/bigintcalc\bigintcalc.sty
Package: bigintcalc 2019/12/15 v1.5 Expandable calculations on big integers (HO)
))
\Fld@menulength=\count199
\Field@Width=\dimen149
\Fld@charsize=\dimen150
Package hyperref Info: Hyper figures OFF on input line 6347.
Package hyperref Info: Link nesting OFF on input line 6352.
Package hyperref Info: Hyper index ON on input line 6355.
Package hyperref Info: backreferencing OFF on input line 6362.
Package hyperref Info: Link coloring OFF on input line 6367.
Package hyperref Info: Link coloring with OCG OFF on input line 6372.
Package hyperref Info: PDF/A mode OFF on input line 6377.
LaTeX Info: Redefining \ref on input line 6417.
LaTeX Info: Redefining \pageref on input line 6421.
 (D:\MikTex\tex/generic/atbegshi\atbegshi.sty
Package: atbegshi 2019/12/05 v1.19 At begin shipout hook (HO)
)
\Hy@abspage=\count266
\c@Item=\count267
\c@Hfootnote=\count268
)
Package hyperref Info: Driver (autodetected): hpdftex.
 (D:\MikTex\tex/latex/hyperref\hpdftex.def
File: hpdftex.def 2020-05-15 v7.00e Hyperref driver for pdfTeX
 (D:\MikTex\tex/latex/atveryend\atveryend.sty
Package: atveryend 2019-12-11 v1.11 Hooks at the very end of document (HO)
)
\Fld@listcount=\count269
\c@bookmark@seq@number=\count270
 (D:\MikTex\tex/latex/rerunfilecheck\rerunfilecheck.sty
Package: rerunfilecheck 2019/12/05 v1.9 Rerun checks for auxiliary files (HO)
 (D:\MikTex\tex/generic/uniquecounter\uniquecounter.sty
Package: uniquecounter 2019/12/15 v1.4 Provide unlimited unique counter (HO)
)
Package uniquecounter Info: New unique counter `rerunfilecheck' on input line 286.
)
\Hy@SectionHShift=\skip53
) (D:\MikTex\tex/latex/tools\longtable.sty
Package: longtable 2020/01/07 v4.13 Multi-page Table package (DPC)
\LTleft=\skip54
\LTright=\skip55
\LTpre=\skip56
\LTpost=\skip57
\LTchunksize=\count271
\LTcapwidth=\dimen151
\LT@head=\box53
\LT@firsthead=\box54
\LT@foot=\box55
\LT@lastfoot=\box56
\LT@cols=\count272
\LT@rows=\count273
\c@LT@tables=\count274
\c@LT@chunks=\count275
\LT@p@ftn=\toks19
) ("c:/Users\Admin\OneDrive - AUT University\PHD Journey\Papers\Information and software technology\the state of big data reference architectures - a systematic literature review.aux")
\openout1 = `"the state of big data reference architectures - a systematic literature review.aux"'.

LaTeX Font Info:    Checking defaults for OML/cmm/m/it on input line 41.
LaTeX Font Info:    ... okay on input line 41.
LaTeX Font Info:    Checking defaults for OMS/cmsy/m/n on input line 41.
LaTeX Font Info:    ... okay on input line 41.
LaTeX Font Info:    Checking defaults for OT1/cmr/m/n on input line 41.
LaTeX Font Info:    ... okay on input line 41.
LaTeX Font Info:    Checking defaults for T1/cmr/m/n on input line 41.
LaTeX Font Info:    ... okay on input line 41.
LaTeX Font Info:    Checking defaults for TS1/cmr/m/n on input line 41.
LaTeX Font Info:    ... okay on input line 41.
LaTeX Font Info:    Checking defaults for OMX/cmex/m/n on input line 41.
LaTeX Font Info:    ... okay on input line 41.
LaTeX Font Info:    Checking defaults for U/cmr/m/n on input line 41.
LaTeX Font Info:    ... okay on input line 41.
LaTeX Font Info:    Checking defaults for PD1/pdf/m/n on input line 41.
LaTeX Font Info:    ... okay on input line 41.
 (D:\MikTex\tex/context/base/mkii\supp-pdf.mkii
[Loading MPS to PDF converter (version 2006.09.02).]
\scratchcounter=\count276
\scratchdimen=\dimen152
\scratchbox=\box57
\nofMPsegments=\count277
\nofMParguments=\count278
\everyMPshowfont=\toks20
\MPscratchCnt=\count279
\MPscratchDim=\dimen153
\MPnumerator=\count280
\makeMPintoPDFobject=\count281
\everyMPtoPDFconversion=\toks21
) (D:\MikTex\tex/latex/epstopdf-pkg\epstopdf-base.sty
Package: epstopdf-base 2020-01-24 v2.11 Base part for package epstopdf
Package epstopdf-base Info: Redefining graphics rule for `.eps' on input line 485.
)
\AtBeginShipoutBox=\box58
Package hyperref Info: Link coloring OFF on input line 41.
 (D:\MikTex\tex/latex/hyperref\nameref.sty
Package: nameref 2019/09/16 v2.46 Cross-referencing by name of section
 (D:\MikTex\tex/latex/refcount\refcount.sty
Package: refcount 2019/12/15 v3.6 Data extraction from label references (HO)
) (D:\MikTex\tex/generic/gettitlestring\gettitlestring.sty
Package: gettitlestring 2019/12/15 v1.6 Cleanup title references (HO)
)
\c@section@level=\count282
)
LaTeX Info: Redefining \ref on input line 41.
LaTeX Info: Redefining \pageref on input line 41.
LaTeX Info: Redefining \nameref on input line 41.
 ("c:/Users\Admin\OneDrive - AUT University\PHD Journey\Papers\Information and software technology\the state of big data reference architectures - a systematic literature review.out") ("c:/Users\Admin\OneDrive - AUT University\PHD Journey\Papers\Information and software technology\the state of big data reference architectures - a systematic literature review.out")
\@outlinefile=\write4
\openout4 = `"the state of big data reference architectures - a systematic literature review.out"'.

LaTeX Font Info:    External font `cmex10' loaded for size
(Font)              <7> on input line 64.
LaTeX Font Info:    External font `cmex10' loaded for size
(Font)              <5> on input line 64.


Package natbib Warning: Citation `AtaeiSecurity' on page 1 undefined on input line 78.


Package natbib Warning: Citation `AtaeiACIS' on page 1 undefined on input line 78.


Package natbib Warning: Citation `AtaeiHype' on page 1 undefined on input line 80.


Package natbib Warning: Citation `DataBricks' on page 1 undefined on input line 82.


Package natbib Warning: Citation `NewVantageSurvey' on page 1 undefined on input line 82.


Package natbib Warning: Citation `SigmaSurvey' on page 1 undefined on input line 82.

LaTeX Font Info:    External font `cmex10' loaded for size
(Font)              <8> on input line 83.
LaTeX Font Info:    External font `cmex10' loaded for size
(Font)              <6> on input line 83.

Overfull \hbox (2.22221pt too wide) has occurred while \output is active
[] 
 []

[1


{C:/Users/Admin/AppData/Local/MiKTeX/2.9/pdftex/config/pdftex.map}]

Package natbib Warning: Citation `AtaeiBigDataEnvirons' on page 2 undefined on input line 84.


Package natbib Warning: Citation `Gorton' on page 2 undefined on input line 86.


Package natbib Warning: Citation `Cloutier' on page 2 undefined on input line 91.


Package natbib Warning: Citation `Derras' on page 2 undefined on input line 93.


Package natbib Warning: Citation `Cloutier' on page 2 undefined on input line 93.


Package natbib Warning: Citation `Iso18384-1' on page 2 undefined on input line 93.

[2]

Package natbib Warning: Citation `AtaeiACIS' on page 3 undefined on input line 97.


Package natbib Warning: Citation `Cloutier' on page 3 undefined on input line 101.


Package natbib Warning: Citation `muller2008reference' on page 3 undefined on input line 103.


Package natbib Warning: Citation `Bass' on page 3 undefined on input line 103.

[3]

Package natbib Warning: Citation `angelov2009classification' on page 4 undefined on input line 105.


Package natbib Warning: Citation `AtaeiACIS' on page 4 undefined on input line 107.


Package natbib Warning: Citation `page2021prisma' on page 4 undefined on input line 120.


Package natbib Warning: Citation `rethlefsen2021prisma' on page 4 undefined on input line 120.


Package natbib Warning: Citation `kitchenham2015evidence' on page 4 undefined on input line 120.


Package natbib Warning: Citation `kitchenham2015evidence' on page 4 undefined on input line 120.

[4]

Package natbib Warning: Citation `borrego2014systematic' on page 5 undefined on input line 122.


Package natbib Warning: Citation `AtaeiACIS' on page 5 undefined on input line 126.

[5]

Package natbib Warning: Citation `rethlefsen2021prisma' on page 6 undefined on input line 130.


Package natbib Warning: Citation `kitchenham2015evidence' on page 6 undefined on input line 132.

[6]

Package natbib Warning: Citation `AtaeiACIS' on page 7 undefined on input line 142.


Package natbib Warning: Citation `JabRef' on page 7 undefined on input line 148.

[7]

Package natbib Warning: Citation `krippendorff2011computing' on page 8 undefined on input line 170.

[8]

Package natbib Warning: Citation `kitchenham2015evidence' on page 9 undefined on input line 172.


Package natbib Warning: Citation `noblit1988meta' on page 9 undefined on input line 174.


Package natbib Warning: Citation `dybaa2008empirical' on page 9 undefined on input line 174.


Package natbib Warning: Citation `cumpston2019updated' on page 9 undefined on input line 174.


Package natbib Warning: Citation `CASP' on page 9 undefined on input line 176.


Package natbib Warning: Citation `JBI' on page 9 undefined on input line 176.


Package natbib Warning: Citation `runeson2006we' on page 9 undefined on input line 176.


Package natbib Warning: Citation `dybaa2008empirical' on page 9 undefined on input line 176.

[9]

Package natbib Warning: Citation `CASP' on page 10 undefined on input line 178.


Package natbib Warning: Citation `kitchenham2002preliminary' on page 10 undefined on input line 178.

[10]

pdfTeX warning: pdflatex (file c:/Users/Admin/OneDrive - AUT University/PHD Journey/Papers/Information and software technology/PRISMA/PRISMA_Flow_Diagram.pdf): PDF inclusion: found PDF version <1.6>, but at most version <1.5> allowed
<PRISMA/PRISMA_Flow_Diagram.pdf, id=134, 845.07718pt x 597.55246pt>
File: PRISMA/PRISMA_Flow_Diagram.pdf Graphic file (type pdf)
<use PRISMA/PRISMA_Flow_Diagram.pdf>
Package pdftex.def Info: PRISMA/PRISMA_Flow_Diagram.pdf  used on input line 213.
(pdftex.def)             Requested size: 369.88582pt x 261.54709pt.

Overfull \hbox (24.88582pt too wide) in paragraph at lines 213--214
[][] 
 []

<Media/databases-statitistic-[Recovered].png, id=136, 1505.625pt x 1001.7425pt>
File: Media/databases-statitistic-[Recovered].png Graphic file (type png)
<use Media/databases-statitistic-[Recovered].png>
Package pdftex.def Info: Media/databases-statitistic-[Recovered].png  used on input line 221.
(pdftex.def)             Requested size: 369.88582pt x 246.09396pt.

Overfull \hbox (24.88582pt too wide) in paragraph at lines 221--222
[][] 
 []

[11]

Package natbib Warning: Citation `cruzes2011recommended' on page 12 undefined on input line 230.


Package natbib Warning: Citation `braun2006using' on page 12 undefined on input line 230.


Package natbib Warning: Citation `dyba2007applying' on page 12 undefined on input line 232.

[12 <c:/Users/Admin/OneDrive - AUT University/PHD Journey/Papers/Information and software technology/PRISMA/PRISMA_Flow_Diagram.pdf>]

Package natbib Warning: Citation `miles1994qualitative' on page 13 undefined on input line 234.


Package natbib Warning: Citation `corbin2014basics' on page 13 undefined on input line 234.


Package natbib Warning: Citation `lofland1971analyzing' on page 13 undefined on input line 234.

[13 <c:/Users/Admin/OneDrive - AUT University/PHD Journey/Papers/Information and software technology/Media/databases-statitistic-[Recovered].png (PNG copy)>] [14]

Package natbib Warning: Citation `AtaeiACIS' on page 15 undefined on input line 266.


Package natbib Warning: Citation `martinez2015solid' on page 15 undefined on input line 269.


Package natbib Warning: Citation `Sievi-Korte' on page 15 undefined on input line 269.


Package natbib Warning: Citation `kohler2019towards' on page 15 undefined on input line 269.

[15]

Package natbib Warning: Citation `zimmermann1980osi' on page 16 undefined on input line 271.


Package natbib Warning: Citation `OATH' on page 16 undefined on input line 271.


Package natbib Warning: Citation `pope1998corba' on page 16 undefined on input line 271.


Package natbib Warning: Citation `greefhorst1999een' on page 16 undefined on input line 271.


Package natbib Warning: Citation `Cloutier' on page 16 undefined on input line 273.


Package natbib Warning: Citation `Derras' on page 16 undefined on input line 273.


Package natbib Warning: Citation `Klein' on page 16 undefined on input line 275.

[16]

Package natbib Warning: Citation `angelov2008towards' on page 17 undefined on input line 281.


Package natbib Warning: Citation `stricker2010creating' on page 17 undefined on input line 281.


Package natbib Warning: Citation `geerdink2013reference' on page 17 undefined on input line 282.


Package natbib Warning: Citation `AtaeiACIS' on page 17 undefined on input line 282.


Package natbib Warning: Citation `Chang' on page 17 undefined on input line 282.

[17]

Package natbib Warning: Citation `kohler2019towards' on page 18 undefined on input line 289.


Package natbib Warning: Citation `chen2017big' on page 18 undefined on input line 291.


Package natbib Warning: Citation `jagadish2014big' on page 18 undefined on input line 291.


Package natbib Warning: Citation `AtaeiHype' on page 18 undefined on input line 291.

[18]

Package natbib Warning: Citation `akhtar2019big' on page 19 undefined on input line 303.


Package natbib Warning: Citation `AtaeiBigDataEnvirons' on page 19 undefined on input line 303.


Package natbib Warning: Citation `Chang' on page 19 undefined on input line 305.


Package natbib Warning: Citation `Nadal' on page 19 undefined on input line 305.


Package natbib Warning: Citation `pineiro2019big' on page 19 undefined on input line 309.


Package natbib Warning: Citation `rahimi2010distributed' on page 19 undefined on input line 309.

[19]

Package natbib Warning: Citation `galster2011empirically' on page 20 undefined on input line 313.


Package natbib Warning: Citation `angelov2012framework' on page 20 undefined on input line 315.


Package natbib Warning: Citation `volk2019decision' on page 20 undefined on input line 317.


Package natbib Warning: Citation `Iso' on page 20 undefined on input line 317.


Package natbib Warning: Citation `ISO42010' on page 20 undefined on input line 317.

[20]

Package natbib Warning: Citation `geerdink2013reference' on page 21 undefined on input line 319.


Package natbib Warning: Citation `josey2016introduction' on page 21 undefined on input line 319.


Package natbib Warning: Citation `zhu2005software' on page 21 undefined on input line 319.


Package natbib Warning: Citation `hevner2004design' on page 21 undefined on input line 321.


Package natbib Warning: Citation `geerdink2013reference' on page 21 undefined on input line 321.


Package natbib Warning: Citation `Maier' on page 21 undefined on input line 325.


Package natbib Warning: Citation `galster2011empirically' on page 21 undefined on input line 325.


Package natbib Warning: Citation `Bengtsson' on page 21 undefined on input line 327.


Package natbib Warning: Citation `kazman1994saam' on page 21 undefined on input line 327.


Package natbib Warning: Citation `KazmanATAM' on page 21 undefined on input line 327.


Package natbib Warning: Citation `Williams' on page 21 undefined on input line 327.

[21]

Package natbib Warning: Citation `angelov2008towards' on page 22 undefined on input line 331.


Package natbib Warning: Citation `Maier' on page 22 undefined on input line 333.


Package natbib Warning: Citation `galster2011empirically' on page 22 undefined on input line 333.


Package natbib Warning: Citation `bosch2000design' on page 22 undefined on input line 335.


Package natbib Warning: Citation `avgeriou2003describing' on page 22 undefined on input line 335.


Package natbib Warning: Citation `derras2018reference' on page 22 undefined on input line 335.

[22]
Overfull \hbox (0.57092pt too wide) in paragraph at lines 343--344
[]|\OT1/cmr/bx/n/10 Year| 
 []


Package natbib Warning: Citation `kiran2015lambda' on page 23 undefined on input line 345.


Package natbib Warning: Citation `quintero2019ibm' on page 23 undefined on input line 347.


Package natbib Warning: Citation `levin2013big' on page 23 undefined on input line 349.


Package natbib Warning: Citation `cackett2013information' on page 23 undefined on input line 351.


Package natbib Warning: Citation `Maier' on page 23 undefined on input line 353.


Package natbib Warning: Citation `geerdink2013reference' on page 23 undefined on input line 355.


Package natbib Warning: Citation `viana2014proposal' on page 23 undefined on input line 357.


Package natbib Warning: Citation `kreps2014questioning' on page 23 undefined on input line 359.


Underfull \hbox (badness 4899) in paragraph at lines 359--359
[]|\OT1/cmr/m/n/10 Questioning the Lambda ar-chi-tec-ture;
 []


Package natbib Warning: Citation `demchenko2014defining' on page 23 undefined on input line 361.


Package natbib Warning: Citation `SikoraWohlfeld2014' on page 23 undefined on input line 364.


Package natbib Warning: Citation `ghandour2015big' on page 23 undefined on input line 367.


Package natbib Warning: Citation `martinez2015solid' on page 23 undefined on input line 369.


Package natbib Warning: Citation `paakkonen2015reference' on page 23 undefined on input line 371.


Package natbib Warning: Citation `sang2016reference' on page 23 undefined on input line 373.


Package natbib Warning: Citation `SAPRA' on page 23 undefined on input line 375.


Package natbib Warning: Citation `bilal2016big' on page 23 undefined on input line 377.


Underfull \hbox (badness 2443) in paragraph at lines 377--377
[]|\OT1/cmr/m/n/10 Big data ar-chi-tec-ture for con-struc-tion
 []


Underfull \hbox (badness 2744) in paragraph at lines 377--377
\OT1/cmr/m/n/10 waste an-a-lyt-ics (CWA): A con-cep-tual
 []


Package natbib Warning: Citation `Klein' on page 23 undefined on input line 379.


Package natbib Warning: Citation `cuzzocrea2016reference' on page 23 undefined on input line 381.


Package natbib Warning: Citation `heilig2017managing' on page 23 undefined on input line 383.


Underfull \hbox (badness 1112) in paragraph at lines 383--383
[]|\OT1/cmr/m/n/10 Managing Cloud-Based Big Data Plat-
 []


Underfull \vbox (badness 10000) detected at line 384
 []


Package natbib Warning: Citation `suthakar2017scalable' on page 23 undefined on input line 385.


Package natbib Warning: Citation `Nadal' on page 23 undefined on input line 387.


Underfull \hbox (badness 5622) in paragraph at lines 387--387
[]|\OT1/cmr/m/n/10 A soft-ware ref-er-ence ar-chi-tec-ture for
 []


Package natbib Warning: Citation `sang2017simplifying' on page 23 undefined on input line 389.


Underfull \hbox (badness 1635) in paragraph at lines 389--389
[]|\OT1/cmr/m/n/10 Simplifying big data an-a-lyt-ics sys-tems
 []


Package natbib Warning: Citation `Chang' on page 23 undefined on input line 391.


Package natbib Warning: Citation `Kohler' on page 23 undefined on input line 393.


Package natbib Warning: Citation `unal2019reference' on page 23 undefined on input line 395.


Package natbib Warning: Citation `unal2019reference' on page 23 undefined on input line 397.


Package natbib Warning: Citation `wang2019integrated' on page 23 undefined on input line 399.


Package natbib Warning: Citation `wang2019integrated' on page 23 undefined on input line 401.


Package natbib Warning: Citation `ullah2019architectural' on page 23 undefined on input line 403.


Package natbib Warning: Citation `alam2020video' on page 23 undefined on input line 405.


Package natbib Warning: Citation `paakkonen2020extending' on page 23 undefined on input line 407.


Underfull \hbox (badness 1067) in paragraph at lines 407--407
[]|\OT1/cmr/m/n/10 Extending ref-er-ence ar-chi-tec-ture of big
 []


Package natbib Warning: Citation `iglesias2020big' on page 23 undefined on input line 409.


Package natbib Warning: Citation `castellanos2021smart' on page 23 undefined on input line 411.


Package natbib Warning: Citation `ISO20547' on page 23 undefined on input line 413.


Package natbib Warning: Citation `maamouri2021phi' on page 23 undefined on input line 415.


Package natbib Warning: Citation `babar2022smart' on page 23 undefined on input line 417.

[23] [24] [25]

Package natbib Warning: Citation `House' on page 26 undefined on input line 423.


Package natbib Warning: Citation `chang2015nist' on page 26 undefined on input line 423.

[26]

Package natbib Warning: Citation `Maier' on page 27 undefined on input line 431.


Package natbib Warning: Citation `suthakar2017scalable' on page 27 undefined on input line 431.


Package natbib Warning: Citation `framework2015draft' on page 27 undefined on input line 431.


Package natbib Warning: Citation `Klein' on page 27 undefined on input line 433.


Package natbib Warning: Citation `weyrich2015reference' on page 27 undefined on input line 433.

[27]
Overfull \hbox (815.47421pt too wide) in paragraph at lines 448--456
[][] 
 []

[28] ("c:/Users\Admin\OneDrive - AUT University\PHD Journey\Papers\Information and software technology\the state of big data reference architectures - a systematic literature review.bbl"
Underfull \hbox (badness 10000) in paragraph at lines 26--30
\OT1/cmr/m/n/10 URL []$\OT1/cmtt/m/n/10 https : / / www . supplychain247 . com / paper / bi _ data _ and _ ai _
 []


Underfull \hbox (badness 10000) in paragraph at lines 32--36
\OT1/cmr/m/n/10 URL []$\OT1/cmtt/m/n/10 https : / / www . sigmacomputing . com / resources /
 []

[29] [30] [31] [32]
Underfull \hbox (badness 10000) in paragraph at lines 183--188
\OT1/cmr/m/n/10 URL []$\OT1/cmtt/m/n/10 https : / / openauthentication . org / wp-[]content / uploads / 2015 /
 []

[33] [34] [35]
Underfull \hbox (badness 10000) in paragraph at lines 344--349
\OT1/cmr/m/n/10 URL []$\OT1/cmtt/m/n/10 https : / / www . oracle . com / technetwork / topics / entarch /
 []

[36]
Overfull \hbox (46.88484pt too wide) in paragraph at lines 357--361
\OT1/cmr/m/n/10 URL []$\OT1/cmtt/m/n/10 https : / / www . oreilly . com / radar / questioning-[]the-[]lambda-[]architecture/$[] 
 []


Underfull \hbox (badness 10000) in paragraph at lines 388--390
\OT1/cmr/m/n/10 URL []$\OT1/cmtt/m/n/10 https : / / www . scribd . com / document / 418835912 /
 []

[37] [38]
Underfull \hbox (badness 10000) in paragraph at lines 476--478
\OT1/cmr/m/n/10 URL []$\OT1/cmtt/m/n/10 https : / / obamawhitehouse . archives . gov / blog / 2012 / 03 / 29 /
 []

[39])

Package natbib Warning: There were undefined citations.

Package atveryend Info: Empty hook `BeforeClearDocument' on input line 485.
[40]
Package atveryend Info: Empty hook `AfterLastShipout' on input line 485.
 ("c:/Users\Admin\OneDrive - AUT University\PHD Journey\Papers\Information and software technology\the state of big data reference architectures - a systematic literature review.aux"

Package natbib Warning: Citation(s) may have changed.
(natbib)                Rerun to get citations correct.

)
Package atveryend Info: Executing hook `AtVeryEndDocument' on input line 485.
Package atveryend Info: Executing hook `AtEndAfterFileList' on input line 485.
Package rerunfilecheck Info: File `"the state of big data reference architectures - a systematic literature review".out' has not changed.
(rerunfilecheck)             Checksum: 15761BA002C3D2B557F16DB5519970FB;1023.
 ) 
Here is how much of TeX's memory you used:
 7422 strings out of 480795
 119647 string characters out of 2913777
 406903 words of memory out of 3000000
 23118 multiletter control sequences out of 15000+200000
 536617 words of font info for 38 fonts, out of 3000000 for 9000
 1141 hyphenation exceptions out of 8191
 38i,7n,36p,1193b,627s stack positions out of 5000i,500n,10000p,200000b,50000s
 <C:\Users\Admin\AppData\Local\MiKTeX\2.9\fonts/pk/ljfour/jknappen/ec/dpi600\tcrm1000.pk><D:/MikTex/fonts/type1/public/amsfonts/cm/cmbx10.pfb><D:/MikTex/fonts/type1/public/amsfonts/cm/cmmi10.pfb><D:/MikTex/fonts/type1/public/amsfonts/cm/cmr10.pfb><D:/MikTex/fonts/type1/public/amsfonts/cm/cmr12.pfb><D:/MikTex/fonts/type1/public/amsfonts/cm/cmr7.pfb><D:/MikTex/fonts/type1/public/amsfonts/cm/cmr8.pfb><D:/MikTex/fonts/type1/public/amsfonts/cm/cmss8.pfb><D:/MikTex/fonts/type1/public/amsfonts/cm/cmti10.pfb><D:/MikTex/fonts/type1/public/amsfonts/cm/cmti7.pfb><D:/MikTex/fonts/type1/public/amsfonts/cm/cmti8.pfb><D:/MikTex/fonts/type1/public/amsfonts/cm/cmtt10.pfb>
Output written on "c:/Users\Admin\OneDrive - AUT University\PHD Journey\Papers\Information and software technology\the state of big data reference architectures - a systematic literature review.pdf" (40 pages, 649237 bytes).
PDF statistics:
 553 PDF objects out of 1000 (max. 8388607)
 198 named destinations out of 1000 (max. 500000)
 131 words of extra memory for PDF output out of 10000 (max. 10000000)

